<?xml version="1.0" encoding="UTF-8"?>
<!-- Generated by org.testng.reporters.JUnitReportReporter -->
<testsuite hostname="FFE-Mekala-Rupesh" failures="0" tests="1" name="test_Scripts.HM001" time="77.379" errors="0" timestamp="2024-04-19T18:22:46 IST" skipped="0">
  <testcase classname="test_Scripts.HM001" name="Ascore" time="77.379"/>
</testsuite> <!-- test_Scripts.HM001 -->
